<?xml version="1.0" encoding="UTF-8"?>
<!-- Generated by org.testng.reporters.JUnitXMLReporter -->
<testsuite ignored="0" hostname="IND-CHN-LT12568" failures="0" tests="3" name="AlertsTest" time="13.694" errors="0" timestamp="2024-03-20T15:38:46 IST">
  <testcase classname="pageTesting.Project3TestCases" name="bootStrapAlertMsgTest" time="2.573"/>
  <testcase classname="pageTesting.Project3TestCases" name="windowPopupModelTest" time="2.825"/>
  <testcase classname="pageTesting.Project3TestCases" name="progressBarModel" time="8.281"/>
</testsuite> <!-- AlertsTest -->
