<?xml version="1.0" encoding="UTF-8"?>
<!-- Generated by org.testng.reporters.JUnitXMLReporter -->
<testsuite ignored="0" hostname="IND-CHN-LT12568" failures="0" tests="3" name="AlertsTest" time="11.672" errors="0" timestamp="2024-03-14T16:33:59 IST">
  <testcase classname="pageTesting.Project3TestCases" name="bootStrapAlertMsgTest" time="1.809"/>
  <testcase classname="pageTesting.Project3TestCases" name="windowPopupModelTest" time="2.083"/>
  <testcase classname="pageTesting.Project3TestCases" name="progressBarModel" time="7.772"/>
</testsuite> <!-- AlertsTest -->
