<?xml version="1.0" encoding="UTF-8"?>
<!-- Generated by org.testng.reporters.JUnitXMLReporter -->
<testsuite ignored="0" hostname="IND-CHN-LT12568" failures="0" tests="5" name="InputFormTest" time="12.791" errors="0" timestamp="2024-03-14T16:33:41 IST">
  <testcase classname="pageTesting.Project1TestCases" name="simpleFormTest" time="1.046"/>
  <testcase classname="pageTesting.Project1TestCases" name="checkBoxTest" time="1.603"/>
  <testcase classname="pageTesting.Project1TestCases" name="radioButtonsTest" time="0.955"/>
  <testcase classname="pageTesting.Project1TestCases" name="selectDropdownTest" time="1.607"/>
  <testcase classname="pageTesting.Project1TestCases" name="inputFormTest" time="3.012"/>
</testsuite> <!-- InputFormTest -->
