<?xml version="1.0" encoding="UTF-8"?>
<!-- Generated by org.testng.reporters.JUnitXMLReporter -->
<testsuite ignored="0" hostname="IND-CHN-LT12568" failures="0" tests="5" name="InputFormTest" time="18.989" errors="0" timestamp="2024-03-20T15:38:21 IST">
  <testcase classname="pageTesting.Project1TestCases" name="simpleFormTest" time="1.616"/>
  <testcase classname="pageTesting.Project1TestCases" name="checkBoxTest" time="2.067"/>
  <testcase classname="pageTesting.Project1TestCases" name="radioButtonsTest" time="1.495"/>
  <testcase classname="pageTesting.Project1TestCases" name="selectDropdownTest" time="2.263"/>
  <testcase classname="pageTesting.Project1TestCases" name="inputFormTest" time="5.019"/>
</testsuite> <!-- InputFormTest -->
