<?xml version="1.0" encoding="UTF-8"?>
<!-- Generated by org.testng.reporters.JUnitXMLReporter -->
<testsuite ignored="0" hostname="IND-CHN-LT12568" failures="0" tests="3" name="TableTest" time="6.561" errors="0" timestamp="2024-03-14T16:33:48 IST">
  <testcase classname="pageTesting.Project2TestCases" name="tablePaginationTest" time="1.039"/>
  <testcase classname="pageTesting.Project2TestCases" name="tableDataSearchTest" time="1.542"/>
  <testcase classname="pageTesting.Project2TestCases" name="tableSortAndSearchTest" time="3.971"/>
</testsuite> <!-- TableTest -->
