<?xml version="1.0" encoding="UTF-8"?>
<!-- Generated by org.testng.reporters.JUnitXMLReporter -->
<testsuite ignored="0" hostname="IND-CHN-LT12568" failures="0" tests="5" name="Testng" time="10.231" errors="0" timestamp="2024-03-01T10:39:40 IST">
  <testcase classname="pageTesting.Project1TestCases" name="simpleFormTest" time="0.922"/>
  <testcase classname="pageTesting.Project1TestCases" name="checkBoxTest" time="1.322"/>
  <testcase classname="pageTesting.Project1TestCases" name="radioButtonsTest" time="0.817"/>
  <testcase classname="pageTesting.Project1TestCases" name="selectDropdownTest" time="1.452"/>
  <testcase classname="pageTesting.Project1TestCases" name="inputFormTest" time="2.602"/>
</testsuite> <!-- Testng -->
