<?xml version="1.0" encoding="UTF-8"?>
<!-- Generated by org.testng.reporters.JUnitXMLReporter -->
<testsuite ignored="0" hostname="IND-CHN-LT12568" failures="0" tests="3" name="Testng1" time="6.932" errors="0" timestamp="2024-03-01T10:39:47 IST">
  <testcase classname="pageTesting.Project2TestCases" name="tablePaginationTest" time="0.51"/>
  <testcase classname="pageTesting.Project2TestCases" name="tableDataSearchTest" time="0.945"/>
  <testcase classname="pageTesting.Project2TestCases" name="tableSortAndSearchTest" time="3.245"/>
</testsuite> <!-- Testng1 -->
