<?xml version="1.0" encoding="UTF-8"?>
<!-- Generated by org.testng.reporters.JUnitXMLReporter -->
<testsuite ignored="0" hostname="IND-CHN-LT12568" failures="0" tests="3" name="Testng2" time="12.28" errors="0" timestamp="2024-03-01T10:40:00 IST">
  <testcase classname="pageTesting.Project3TestCases" name="bootStrapAlertMsgTest" time="1.335"/>
  <testcase classname="pageTesting.Project3TestCases" name="windowPopupModelTest" time="1.287"/>
  <testcase classname="pageTesting.Project3TestCases" name="progressBarModel" time="7.445"/>
</testsuite> <!-- Testng2 -->
