<?xml version="1.0" encoding="UTF-8"?>
<!-- Generated by org.testng.reporters.JUnitXMLReporter -->
<testsuite ignored="0" hostname="IND-CHN-LT12568" failures="0" tests="3" name="AlertsTest" time="14.352" errors="0" timestamp="2024-03-20T15:54:42 IST">
  <testcase classname="pageTesting.Project3TestCases" name="bootStrapAlertMsgTest" time="2.627"/>
  <testcase classname="pageTesting.Project3TestCases" name="windowPopupModelTest" time="3.464"/>
  <testcase classname="pageTesting.Project3TestCases" name="progressBarModel" time="8.249"/>
</testsuite> <!-- AlertsTest -->
