<?xml version="1.0" encoding="UTF-8"?>
<!-- Generated by org.testng.reporters.JUnitXMLReporter -->
<testsuite ignored="0" hostname="IND-CHN-LT12568" failures="0" tests="5" name="InputFormTest" time="23.349" errors="0" timestamp="2024-03-14T21:00:03 IST">
  <testcase classname="pageTesting.Project1TestCases" name="simpleFormTest" time="1.83"/>
  <testcase classname="pageTesting.Project1TestCases" name="checkBoxTest" time="2.723"/>
  <testcase classname="pageTesting.Project1TestCases" name="radioButtonsTest" time="1.804"/>
  <testcase classname="pageTesting.Project1TestCases" name="selectDropdownTest" time="2.475"/>
  <testcase classname="pageTesting.Project1TestCases" name="inputFormTest" time="5.657"/>
</testsuite> <!-- InputFormTest -->
