<?xml version="1.0" encoding="UTF-8"?>
<!-- Generated by org.testng.reporters.JUnitXMLReporter -->
<testsuite ignored="0" hostname="IND-CHN-LT12568" failures="0" tests="3" name="TableTest" time="11.371" errors="0" timestamp="2024-03-20T15:54:27 IST">
  <testcase classname="pageTesting.Project2TestCases" name="tablePaginationTest" time="1.357"/>
  <testcase classname="pageTesting.Project2TestCases" name="tableDataSearchTest" time="2.932"/>
  <testcase classname="pageTesting.Project2TestCases" name="tableSortAndSearchTest" time="7.067"/>
</testsuite> <!-- TableTest -->
