<?xml version="1.0" encoding="UTF-8"?>
<!-- Generated by org.testng.reporters.JUnitXMLReporter -->
<testsuite ignored="0" hostname="IND-CHN-LT12568" failures="0" tests="3" name="TableTest" time="11.497" errors="0" timestamp="2024-03-14T21:00:15 IST">
  <testcase classname="pageTesting.Project2TestCases" name="tablePaginationTest" time="1.727"/>
  <testcase classname="pageTesting.Project2TestCases" name="tableDataSearchTest" time="2.72"/>
  <testcase classname="pageTesting.Project2TestCases" name="tableSortAndSearchTest" time="7.036"/>
</testsuite> <!-- TableTest -->
