<?xml version="1.0" encoding="UTF-8"?>
<testng-results ignored="0" total="15" passed="15" failed="0" skipped="0">
  <reporter-output>
    <line>
      <![CDATA[In Input Forms Simple Form Demo Execution is Started !!]]>
    </line>
    <line>
      <![CDATA[
In Input Forms Simple Form Demo Execution is completed !!]]>
    </line>
    <line>
      <![CDATA[In Input Forms Check Box Demo Execution is Started !!]]>
    </line>
    <line>
      <![CDATA[
In Input Forms Check Box Demo Execution is Completed !!]]>
    </line>
    <line>
      <![CDATA[In Input Forms Radio Buttons Demo Execution is Started !!]]>
    </line>
    <line>
      <![CDATA[
Input Forms Radio buttons Demo Execution is Completed !!]]>
    </line>
    <line>
      <![CDATA[In Input Forms Select Dropdown Demo Execution is Started !!]]>
    </line>
    <line>
      <![CDATA[
Input Forms Select Dropdown Demo Execution is Completed !!]]>
    </line>
    <line>
      <![CDATA[In Input Forms Submit form Demo Execution is Started !!]]>
    </line>
    <line>
      <![CDATA[
In Input Forms Submit form Demo Execution is Completed !!]]>
    </line>
    <line>
      <![CDATA[In Table -> Pagination Testing is Started !!]]>
    </line>
    <line>
      <![CDATA[
In Table -> Pagination Testing is Completed !!]]>
    </line>
    <line>
      <![CDATA[In Table -> Table Data Search Testing is Started !!]]>
    </line>
    <line>
      <![CDATA[
In Table -> Table Data Search Testing is Completed !!]]>
    </line>
    <line>
      <![CDATA[In Table -> Table Sort And Search Testing is Started !!]]>
    </line>
    <line>
      <![CDATA[
In Table -> Table Sort And Search Testing is Completed !!
]]>
    </line>
    <line>
      <![CDATA[In  Alerts & Modals -> Bootstrap Alerts Testing is Started !!]]>
    </line>
    <line>
      <![CDATA[
In  Alerts & Modals -> Bootstrap Alerts Testing is Completed !!]]>
    </line>
    <line>
      <![CDATA[In  Alerts & Modals -> Window Popup Modal Testing is Started !!]]>
    </line>
    <line>
      <![CDATA[
In  Alerts & Modals -> Window Popup Modal Testing is Completed !!]]>
    </line>
    <line>
      <![CDATA[In  Alerts & Modals -> Progress Bar Modal Testing is Started !!]]>
    </line>
    <line>
      <![CDATA[
In  Alerts & Modals -> Progress Bar Modal Testing is Completed !!]]>
    </line>
    <line>
      <![CDATA[In   List Box -> Bootstrap List Box Testing is Started !!]]>
    </line>
    <line>
      <![CDATA[
In   List Box -> Bootstrap List Box Testing is Completed !!]]>
    </line>
    <line>
      <![CDATA[In List Box -> JQuery List Box Testing is Started !!]]>
    </line>
    <line>
      <![CDATA[
In List Box -> JQuery List Box Testing is Completed !!]]>
    </line>
    <line>
      <![CDATA[In   Others -> Drag and Drop Testing is Started !!]]>
    </line>
    <line>
      <![CDATA[
In   Others -> Drag and Drop Testing is Completed !!]]>
    </line>
    <line>
      <![CDATA[In   Others -> Dynamic Data Testing is Started !!]]>
    </line>
    <line>
      <![CDATA[
In   Others -> Dynamic Data Testing is Completed !!]]>
    </line>
  </reporter-output>
  <suite started-at="2024-03-20T15:53:55 IST" name="Suite" finished-at="2024-03-20T15:55:00 IST" duration-ms="65092">
    <groups>
    </groups>
    <test started-at="2024-03-20T15:53:55 IST" name="InputFormTest" finished-at="2024-03-20T15:54:15 IST" duration-ms="19925">
      <class name="pageTesting.Project1TestCases">
        <test-method is-config="true" signature="beforeTest()[pri:0, instance:pageTesting.Project1TestCases@6b695b06]" started-at="2024-03-20T15:53:55 IST" name="beforeTest" finished-at="2024-03-20T15:54:02 IST" duration-ms="6778" status="PASS">
          <reporter-output>
          </reporter-output>
        </test-method> <!-- beforeTest -->
        <test-method signature="simpleFormTest()[pri:1, instance:pageTesting.Project1TestCases@6b695b06]" started-at="2024-03-20T15:54:02 IST" name="simpleFormTest" finished-at="2024-03-20T15:54:03 IST" duration-ms="1602" status="PASS">
          <reporter-output>
            <line>
              <![CDATA[In Input Forms Simple Form Demo Execution is Started !!]]>
            </line>
            <line>
              <![CDATA[
In Input Forms Simple Form Demo Execution is completed !!]]>
            </line>
          </reporter-output>
        </test-method> <!-- simpleFormTest -->
        <test-method signature="checkBoxTest()[pri:2, instance:pageTesting.Project1TestCases@6b695b06]" started-at="2024-03-20T15:54:03 IST" name="checkBoxTest" finished-at="2024-03-20T15:54:06 IST" duration-ms="2497" status="PASS">
          <reporter-output>
            <line>
              <![CDATA[In Input Forms Check Box Demo Execution is Started !!]]>
            </line>
            <line>
              <![CDATA[
In Input Forms Check Box Demo Execution is Completed !!]]>
            </line>
          </reporter-output>
        </test-method> <!-- checkBoxTest -->
        <test-method signature="radioButtonsTest()[pri:3, instance:pageTesting.Project1TestCases@6b695b06]" started-at="2024-03-20T15:54:06 IST" name="radioButtonsTest" finished-at="2024-03-20T15:54:07 IST" duration-ms="1511" status="PASS">
          <reporter-output>
            <line>
              <![CDATA[In Input Forms Radio Buttons Demo Execution is Started !!]]>
            </line>
            <line>
              <![CDATA[
Input Forms Radio buttons Demo Execution is Completed !!]]>
            </line>
          </reporter-output>
        </test-method> <!-- radioButtonsTest -->
        <test-method signature="selectDropdownTest()[pri:4, instance:pageTesting.Project1TestCases@6b695b06]" started-at="2024-03-20T15:54:07 IST" name="selectDropdownTest" finished-at="2024-03-20T15:54:10 IST" duration-ms="2234" status="PASS">
          <reporter-output>
            <line>
              <![CDATA[In Input Forms Select Dropdown Demo Execution is Started !!]]>
            </line>
            <line>
              <![CDATA[
Input Forms Select Dropdown Demo Execution is Completed !!]]>
            </line>
          </reporter-output>
        </test-method> <!-- selectDropdownTest -->
        <test-method signature="inputFormTest()[pri:5, instance:pageTesting.Project1TestCases@6b695b06]" started-at="2024-03-20T15:54:10 IST" name="inputFormTest" finished-at="2024-03-20T15:54:15 IST" duration-ms="5183" status="PASS">
          <reporter-output>
            <line>
              <![CDATA[In Input Forms Submit form Demo Execution is Started !!]]>
            </line>
            <line>
              <![CDATA[
In Input Forms Submit form Demo Execution is Completed !!]]>
            </line>
          </reporter-output>
        </test-method> <!-- inputFormTest -->
        <test-method is-config="true" signature="afterTest()[pri:0, instance:pageTesting.Project1TestCases@6b695b06]" started-at="2024-03-20T15:54:15 IST" name="afterTest" finished-at="2024-03-20T15:54:15 IST" duration-ms="1" status="PASS">
          <reporter-output>
          </reporter-output>
        </test-method> <!-- afterTest -->
      </class> <!-- pageTesting.Project1TestCases -->
    </test> <!-- InputFormTest -->
    <test started-at="2024-03-20T15:54:16 IST" name="TableTest" finished-at="2024-03-20T15:54:27 IST" duration-ms="11371">
      <class name="pageTesting.Project2TestCases">
        <test-method is-config="true" signature="beforeTest()[pri:0, instance:pageTesting.Project2TestCases@29d80d2b]" started-at="2024-03-20T15:54:16 IST" name="beforeTest" finished-at="2024-03-20T15:54:16 IST" duration-ms="0" status="PASS">
          <reporter-output>
          </reporter-output>
        </test-method> <!-- beforeTest -->
        <test-method signature="tablePaginationTest()[pri:0, instance:pageTesting.Project2TestCases@29d80d2b]" started-at="2024-03-20T15:54:16 IST" name="tablePaginationTest" finished-at="2024-03-20T15:54:17 IST" duration-ms="1357" status="PASS">
          <reporter-output>
            <line>
              <![CDATA[In Table -> Pagination Testing is Started !!]]>
            </line>
            <line>
              <![CDATA[
In Table -> Pagination Testing is Completed !!]]>
            </line>
          </reporter-output>
        </test-method> <!-- tablePaginationTest -->
        <test-method signature="tableDataSearchTest()[pri:1, instance:pageTesting.Project2TestCases@29d80d2b]" started-at="2024-03-20T15:54:17 IST" name="tableDataSearchTest" finished-at="2024-03-20T15:54:20 IST" duration-ms="2932" status="PASS">
          <reporter-output>
            <line>
              <![CDATA[In Table -> Table Data Search Testing is Started !!]]>
            </line>
            <line>
              <![CDATA[
In Table -> Table Data Search Testing is Completed !!]]>
            </line>
          </reporter-output>
        </test-method> <!-- tableDataSearchTest -->
        <test-method signature="tableSortAndSearchTest()[pri:2, instance:pageTesting.Project2TestCases@29d80d2b]" started-at="2024-03-20T15:54:20 IST" name="tableSortAndSearchTest" finished-at="2024-03-20T15:54:27 IST" depends-on-methods="pageTesting.Project2TestCases.tableDataSearchTest" duration-ms="7067" status="PASS">
          <reporter-output>
            <line>
              <![CDATA[In Table -> Table Sort And Search Testing is Started !!]]>
            </line>
            <line>
              <![CDATA[
In Table -> Table Sort And Search Testing is Completed !!
]]>
            </line>
          </reporter-output>
        </test-method> <!-- tableSortAndSearchTest -->
        <test-method is-config="true" signature="afterTest()[pri:0, instance:pageTesting.Project2TestCases@29d80d2b]" started-at="2024-03-20T15:54:27 IST" name="afterTest" finished-at="2024-03-20T15:54:27 IST" duration-ms="1" status="PASS">
          <reporter-output>
          </reporter-output>
        </test-method> <!-- afterTest -->
      </class> <!-- pageTesting.Project2TestCases -->
    </test> <!-- TableTest -->
    <test started-at="2024-03-20T15:54:27 IST" name="AlertsTest" finished-at="2024-03-20T15:54:42 IST" duration-ms="14352">
      <class name="pageTesting.Project3TestCases">
        <test-method is-config="true" signature="beforeTest()[pri:0, instance:pageTesting.Project3TestCases@5c86a017]" started-at="2024-03-20T15:54:27 IST" name="beforeTest" finished-at="2024-03-20T15:54:27 IST" duration-ms="1" status="PASS">
          <reporter-output>
          </reporter-output>
        </test-method> <!-- beforeTest -->
        <test-method signature="bootStrapAlertMsgTest()[pri:0, instance:pageTesting.Project3TestCases@5c86a017]" started-at="2024-03-20T15:54:27 IST" name="bootStrapAlertMsgTest" finished-at="2024-03-20T15:54:30 IST" duration-ms="2627" status="PASS">
          <reporter-output>
            <line>
              <![CDATA[In  Alerts & Modals -> Bootstrap Alerts Testing is Started !!]]>
            </line>
            <line>
              <![CDATA[
In  Alerts & Modals -> Bootstrap Alerts Testing is Completed !!]]>
            </line>
          </reporter-output>
        </test-method> <!-- bootStrapAlertMsgTest -->
        <test-method signature="windowPopupModelTest()[pri:1, instance:pageTesting.Project3TestCases@5c86a017]" started-at="2024-03-20T15:54:30 IST" name="windowPopupModelTest" finished-at="2024-03-20T15:54:33 IST" duration-ms="3464" status="PASS">
          <reporter-output>
            <line>
              <![CDATA[In  Alerts & Modals -> Window Popup Modal Testing is Started !!]]>
            </line>
            <line>
              <![CDATA[
In  Alerts & Modals -> Window Popup Modal Testing is Completed !!]]>
            </line>
          </reporter-output>
        </test-method> <!-- windowPopupModelTest -->
        <test-method signature="progressBarModel()[pri:2, instance:pageTesting.Project3TestCases@5c86a017]" started-at="2024-03-20T15:54:33 IST" name="progressBarModel" finished-at="2024-03-20T15:54:42 IST" duration-ms="8249" status="PASS">
          <reporter-output>
            <line>
              <![CDATA[In  Alerts & Modals -> Progress Bar Modal Testing is Started !!]]>
            </line>
            <line>
              <![CDATA[
In  Alerts & Modals -> Progress Bar Modal Testing is Completed !!]]>
            </line>
          </reporter-output>
        </test-method> <!-- progressBarModel -->
        <test-method is-config="true" signature="afterTest()[pri:0, instance:pageTesting.Project3TestCases@5c86a017]" started-at="2024-03-20T15:54:42 IST" name="afterTest" finished-at="2024-03-20T15:54:42 IST" duration-ms="1" status="PASS">
          <reporter-output>
          </reporter-output>
        </test-method> <!-- afterTest -->
      </class> <!-- pageTesting.Project3TestCases -->
    </test> <!-- AlertsTest -->
    <test started-at="2024-03-20T15:54:42 IST" name="ProgressBarTest" finished-at="2024-03-20T15:54:55 IST" duration-ms="13118">
      <class name="pageTesting.Project4TestCases">
        <test-method is-config="true" signature="beforeTest()[pri:0, instance:pageTesting.Project4TestCases@7fb4f2a9]" started-at="2024-03-20T15:54:42 IST" name="beforeTest" finished-at="2024-03-20T15:54:42 IST" duration-ms="1" status="PASS">
          <reporter-output>
          </reporter-output>
        </test-method> <!-- beforeTest -->
        <test-method signature="dualListBoxTest()[pri:0, instance:pageTesting.Project4TestCases@7fb4f2a9]" started-at="2024-03-20T15:54:42 IST" name="dualListBoxTest" finished-at="2024-03-20T15:54:51 IST" duration-ms="9694" status="PASS">
          <reporter-output>
            <line>
              <![CDATA[In   List Box -> Bootstrap List Box Testing is Started !!]]>
            </line>
            <line>
              <![CDATA[
In   List Box -> Bootstrap List Box Testing is Completed !!]]>
            </line>
          </reporter-output>
        </test-method> <!-- dualListBoxTest -->
        <test-method signature="jQueryDualLBTest()[pri:1, instance:pageTesting.Project4TestCases@7fb4f2a9]" started-at="2024-03-20T15:54:51 IST" name="jQueryDualLBTest" finished-at="2024-03-20T15:54:55 IST" duration-ms="3417" status="PASS">
          <reporter-output>
            <line>
              <![CDATA[In List Box -> JQuery List Box Testing is Started !!]]>
            </line>
            <line>
              <![CDATA[
In List Box -> JQuery List Box Testing is Completed !!]]>
            </line>
          </reporter-output>
        </test-method> <!-- jQueryDualLBTest -->
        <test-method is-config="true" signature="afterTest()[pri:0, instance:pageTesting.Project4TestCases@7fb4f2a9]" started-at="2024-03-20T15:54:55 IST" name="afterTest" finished-at="2024-03-20T15:54:55 IST" duration-ms="0" status="PASS">
          <reporter-output>
          </reporter-output>
        </test-method> <!-- afterTest -->
      </class> <!-- pageTesting.Project4TestCases -->
    </test> <!-- ProgressBarTest -->
    <test started-at="2024-03-20T15:54:55 IST" name="OthersTest" finished-at="2024-03-20T15:55:00 IST" duration-ms="5041">
      <class name="pageTesting.Project5TestCases">
        <test-method is-config="true" signature="beforeTest()[pri:0, instance:pageTesting.Project5TestCases@6933b6c6]" started-at="2024-03-20T15:54:55 IST" name="beforeTest" finished-at="2024-03-20T15:54:55 IST" duration-ms="1" status="PASS">
          <reporter-output>
          </reporter-output>
        </test-method> <!-- beforeTest -->
        <test-method signature="dragAndDropTest()[pri:0, instance:pageTesting.Project5TestCases@6933b6c6]" started-at="2024-03-20T15:54:55 IST" name="dragAndDropTest" finished-at="2024-03-20T15:54:58 IST" duration-ms="3370" status="PASS">
          <reporter-output>
            <line>
              <![CDATA[In   Others -> Drag and Drop Testing is Started !!]]>
            </line>
            <line>
              <![CDATA[
In   Others -> Drag and Drop Testing is Completed !!]]>
            </line>
          </reporter-output>
        </test-method> <!-- dragAndDropTest -->
        <test-method signature="dynamicDataTest()[pri:1, instance:pageTesting.Project5TestCases@6933b6c6]" started-at="2024-03-20T15:54:58 IST" name="dynamicDataTest" finished-at="2024-03-20T15:55:00 IST" duration-ms="1387" status="PASS">
          <reporter-output>
            <line>
              <![CDATA[In   Others -> Dynamic Data Testing is Started !!]]>
            </line>
            <line>
              <![CDATA[
In   Others -> Dynamic Data Testing is Completed !!]]>
            </line>
          </reporter-output>
        </test-method> <!-- dynamicDataTest -->
        <test-method is-config="true" signature="afterTest()[pri:0, instance:pageTesting.Project5TestCases@6933b6c6]" started-at="2024-03-20T15:55:00 IST" name="afterTest" finished-at="2024-03-20T15:55:00 IST" duration-ms="278" status="PASS">
          <reporter-output>
          </reporter-output>
        </test-method> <!-- afterTest -->
      </class> <!-- pageTesting.Project5TestCases -->
    </test> <!-- OthersTest -->
  </suite> <!-- Suite -->
</testng-results>
