<?xml version="1.0" encoding="UTF-8"?>
<testsuite xmlns:xsi="http://www.w3.org/2001/XMLSchema-instance" xsi:noNamespaceSchemaLocation="https://maven.apache.org/surefire/maven-surefire-plugin/xsd/surefire-test-report-3.0.xsd" version="3.0" name="TestSuite" time="66.789" tests="15" errors="0" skipped="0" failures="0">
  <properties>
[...]
</properties>
  <testcase name="simpleFormTest" classname="pageTesting.Project1TestCases" time="1.622">
    <system-out><![CDATA[------------------Project1 started------------------
In Input Forms Simple Form Demo Execution is Started !!
In Input Forms Simple Form Demo Execution is completed !!
]]></system-out>
    <system-err><![CDATA[SLF4J(W): No SLF4J providers were found.
SLF4J(W): Defaulting to no-operation (NOP) logger implementation
SLF4J(W): See https://www.slf4j.org/codes.html#noProviders for further details.
]]></system-err>
  </testcase>
  <testcase name="checkBoxTest" classname="pageTesting.Project1TestCases" time="2.499">
    <system-out><![CDATA[In Input Forms Check Box Demo Execution is Started !!
In Input Forms Check Box Demo Execution is Completed !!
]]></system-out>
  </testcase>
  <testcase name="radioButtonsTest" classname="pageTesting.Project1TestCases" time="1.513">
    <system-out><![CDATA[In Input Forms Radio Buttons Demo Execution is Started !!
Input Forms Radio buttons Demo Execution is Completed !!
]]></system-out>
  </testcase>
  <testcase name="selectDropdownTest" classname="pageTesting.Project1TestCases" time="2.236">
    <system-out><![CDATA[In Input Forms Select Dropdown Demo Execution is Started !!
Before selection: 
After selection: First selected option is : Florida
Input Forms Select Dropdown Demo Execution is Completed !!
]]></system-out>
  </testcase>
  <testcase name="inputFormTest" classname="pageTesting.Project1TestCases" time="5.187">
    <system-out><![CDATA[In Input Forms Submit form Demo Execution is Started !!
In Input Forms Submit form Demo Execution is Completed !!
]]></system-out>
  </testcase>
  <testcase name="tablePaginationTest" classname="pageTesting.Project2TestCases" time="1.353">
    <system-out><![CDATA[-----------------Project1 Completed-----------------

------------------Project2 started------------------
In Table -> Pagination Testing is Started !!
In Table -> Pagination Testing is Completed !!
]]></system-out>
  </testcase>
  <testcase name="tableDataSearchTest" classname="pageTesting.Project2TestCases" time="2.937">
    <system-out><![CDATA[In Table -> Table Data Search Testing is Started !!
In Table -> Table Data Search Testing is Completed !!
]]></system-out>
  </testcase>
  <testcase name="tableSortAndSearchTest" classname="pageTesting.Project2TestCases" time="7.072">
    <system-out><![CDATA[In Table -> Table Sort And Search Testing is Started !!

List: [R. Davidson, S. Burks, S. Frost, S. Itou, T. Fitzpatrick, T. Nixon, Y. Berry]
Sorted List: [R. Davidson, S. Burks, S. Frost, S. Itou, T. Fitzpatrick, T. Nixon, Y. Berry]

List: [Y. Berry, T. Nixon, T. Fitzpatrick, S. Itou, S. Frost, S. Burks, R. Davidson, Q. Flynn, P. Byrd, M. Silva, M. House, J. Gaines, J. Chang, J. Caldwell, H. Kennedy, H. Chandler, G. Winters, G. Little, G. Joyce, F. Green, D. Wilder, D. Rios, C. Vance, C. Marshall, C. Kelly]
Sorted List: [Y. Berry, T. Nixon, T. Fitzpatrick, S. Itou, S. Frost, S. Burks, R. Davidson, Q. Flynn, P. Byrd, M. Silva, M. House, J. Gaines, J. Chang, J. Caldwell, H. Kennedy, H. Chandler, G. Winters, G. Little, G. Joyce, F. Green, D. Wilder, D. Rios, C. Vance, C. Marshall, C. Kelly]

List: [Accountant, Accountant, Chief Executive Officer (CEO), Chief Financial Officer (CFO), Chief Marketing Officer (CMO), Chief Operating Officer (COO), Developer, Developer, Development Lead, Integration Specialist, Integration Specialist, Integration Specialist, Javascript Developer, Junior Technical Author, Marketing Designer, Office Manager, Personnel Lead, Pre-Sales Support, Regional Director, Regional Director, Regional Director, Regional Marketing, Sales Assistant, Sales Assistant, Senior Javascript Developer]
Sorted List: [Accountant, Accountant, Chief Executive Officer (CEO), Chief Financial Officer (CFO), Chief Marketing Officer (CMO), Chief Operating Officer (COO), Developer, Developer, Development Lead, Integration Specialist, Integration Specialist, Integration Specialist, Javascript Developer, Junior Technical Author, Marketing Designer, Office Manager, Personnel Lead, Pre-Sales Support, Regional Director, Regional Director, Regional Director, Regional Marketing, Sales Assistant, Sales Assistant, Senior Javascript Developer]

List: [Systems Administrator, System Architect, Support Lead, Software Engineer, Software Engineer, Software Engineer, Senior Marketing Designer, Senior Javascript Developer, Sales Assistant, Sales Assistant, Regional Marketing, Regional Director, Regional Director, Regional Director, Pre-Sales Support, Personnel Lead, Office Manager, Marketing Designer, Junior Technical Author, Javascript Developer, Integration Specialist, Integration Specialist, Integration Specialist, Development Lead, Developer]
Sorted List: [Systems Administrator, System Architect, Support Lead, Software Engineer, Software Engineer, Software Engineer, Senior Marketing Designer, Senior Javascript Developer, Sales Assistant, Sales Assistant, Regional Marketing, Regional Director, Regional Director, Regional Director, Pre-Sales Support, Personnel Lead, Office Manager, Marketing Designer, Junior Technical Author, Javascript Developer, Integration Specialist, Integration Specialist, Integration Specialist, Development Lead, Developer]

List: [Edinburgh, Edinburgh, Edinburgh, Edinburgh, Edinburgh, Edinburgh, London, London, London, London, London, London, London, New York, New York, New York, New York, New York, New York, San Francisco, San Francisco, San Francisco, San Francisco, San Francisco, San Francisco]
Sorted List: [Edinburgh, Edinburgh, Edinburgh, Edinburgh, Edinburgh, Edinburgh, London, London, London, London, London, London, London, New York, New York, New York, New York, New York, New York, San Francisco, San Francisco, San Francisco, San Francisco, San Francisco, San Francisco]

List: [19, 20, 21, 22, 22, 23, 23, 28, 28, 30, 30, 33, 35, 36, 37, 39, 40, 41, 42, 43, 47, 48, 53, 55, 59]
Sorted List: [19, 20, 21, 22, 22, 23, 23, 28, 28, 30, 30, 33, 35, 36, 37, 39, 40, 41, 42, 43, 47, 48, 53, 55, 59]

List: [Thu 16th Oct 08, Fri 28th Nov 08, Sat 13th Dec 08, Fri 19th Dec 08, Mon 12th Jan 09, Fri 10th Apr 09, Thu 25th Jun 09, Tue 15th Sep 09, Fri 9th Oct 09, Thu 22nd Oct 09, Thu 11th Mar 10, Wed 17th Mar 10, Wed 9th Jun 10, Mon 20th Sep 10, Thu 14th Oct 10, Sun 14th Nov 10, Wed 22nd Dec 10, Mon 25th Apr 11, Thu 2nd Jun 11, Tue 7th Jun 11, Mon 25th Jul 11, Sun 14th Aug 11, Sat 3rd Sep 11, Mon 12th Dec 11, Thu 29th Mar 12]
Sorted List: [Thu 16th Oct 08, Fri 28th Nov 08, Sat 13th Dec 08, Fri 19th Dec 08, Mon 12th Jan 09, Fri 10th Apr 09, Thu 25th Jun 09, Tue 15th Sep 09, Fri 9th Oct 09, Thu 22nd Oct 09, Thu 11th Mar 10, Wed 17th Mar 10, Wed 9th Jun 10, Mon 20th Sep 10, Thu 14th Oct 10, Sun 14th Nov 10, Wed 22nd Dec 10, Mon 25th Apr 11, Thu 2nd Jun 11, Tue 7th Jun 11, Mon 25th Jul 11, Sun 14th Aug 11, Sat 3rd Sep 11, Mon 12th Dec 11, Thu 29th Mar 12]

List: [$85,600/y, $86,000/y, $90,560/y, $92,575/y, $95,400/y, $103,600/y, $106,450/y, $114,500/y, $132,000/y, $137,500/y, $162,700/y, $163,000/y, $170,750/y, $198,500/y, $205,500/y, $206,850/y, $217,500/y, $237,500/y, $313,500/y, $320,800/y, $327,900/y, $342,000/y, $345,000/y, $357,650/y, $372,000/y]
Sorted List: [$85,600/y, $86,000/y, $90,560/y, $92,575/y, $95,400/y, $103,600/y, $106,450/y, $114,500/y, $132,000/y, $137,500/y, $162,700/y, $163,000/y, $170,750/y, $198,500/y, $205,500/y, $206,850/y, $217,500/y, $237,500/y, $313,500/y, $320,800/y, $327,900/y, $342,000/y, $345,000/y, $357,650/y, $372,000/y]

List: [$1,200,000/y, $850,000/y, $725,000/y, $675,000/y, $470,600/y, $433,060/y, $385,750/y, $372,000/y, $357,650/y, $345,000/y, $342,000/y, $327,900/y, $320,800/y, $313,500/y, $237,500/y, $217,500/y, $206,850/y, $205,500/y, $198,500/y, $170,750/y, $163,000/y, $162,700/y, $137,500/y, $132,000/y, $114,500/y]
Sorted List: [$1,200,000/y, $850,000/y, $725,000/y, $675,000/y, $470,600/y, $433,060/y, $385,750/y, $372,000/y, $357,650/y, $345,000/y, $342,000/y, $327,900/y, $320,800/y, $313,500/y, $237,500/y, $217,500/y, $206,850/y, $205,500/y, $198,500/y, $170,750/y, $163,000/y, $162,700/y, $137,500/y, $132,000/y, $114,500/y]
In Table -> Table Sort And Search Testing is Completed !!

]]></system-out>
  </testcase>
  <testcase name="bootStrapAlertMsgTest" classname="pageTesting.Project3TestCases" time="2.621">
    <system-out><![CDATA[
------------------Project2 Completed------------------

------------------Project3 Started------------------
In  Alerts & Modals -> Bootstrap Alerts Testing is Started !!
In  Alerts & Modals -> Bootstrap Alerts Testing is Completed !!
]]></system-out>
  </testcase>
  <testcase name="windowPopupModelTest" classname="pageTesting.Project3TestCases" time="3.475">
    <system-out><![CDATA[In  Alerts & Modals -> Window Popup Modal Testing is Started !!
In  Alerts & Modals -> Window Popup Modal Testing is Completed !!
]]></system-out>
  </testcase>
  <testcase name="progressBarModel" classname="pageTesting.Project3TestCases" time="8.245">
    <system-out><![CDATA[In  Alerts & Modals -> Progress Bar Modal Testing is Started !!
In  Alerts & Modals -> Progress Bar Modal Testing is Completed !!
]]></system-out>
  </testcase>
  <testcase name="dualListBoxTest" classname="pageTesting.Project4TestCases" time="9.695">
    <system-out><![CDATA[
------------------Project3 Completed------------------

------------------Project4 started------------------
In   List Box -> Bootstrap List Box Testing is Started !!
In   List Box -> Bootstrap List Box Testing is Completed !!
]]></system-out>
  </testcase>
  <testcase name="jQueryDualLBTest" classname="pageTesting.Project4TestCases" time="3.419">
    <system-out><![CDATA[In List Box -> JQuery List Box Testing is Started !!

Random select List: [Maria Eduarda, Luiza, Giovanna, Helena]
Random added List: [Alice, Luiza, Giovanna, Maria Eduarda, Helena]

In List Box -> JQuery List Box Testing is Completed !!
]]></system-out>
  </testcase>
  <testcase name="dragAndDropTest" classname="pageTesting.Project5TestCases" time="3.363">
    <system-out><![CDATA[
------------------Project4 Completed------------------

------------------Project5 started------------------
In   Others -> Drag and Drop Testing is Started !!
Draged file name: Draggable 1
Droped file name: Draggable 1
Draged file name: Draggable 2
Droped file name: Draggable 2
Draged file name: Draggable 3
Droped file name: Draggable 3
Draged file name: Draggable 4
Droped file name: Draggable 4
In   Others -> Drag and Drop Testing is Completed !!
]]></system-out>
  </testcase>
  <testcase name="dynamicDataTest" classname="pageTesting.Project5TestCases" time="1.387">
    <system-out><![CDATA[In   Others -> Dynamic Data Testing is Started !!
In   Others -> Dynamic Data Testing is Completed !!
]]></system-out>
  </testcase>
</testsuite>